[    0.000000] Initializig group subsys cpuset
[    0.000000] Initializing cgroup subsys cpu
[    0.000000] Initializing cgroup subsys cpuacct
[    0.000000] Linux version 4.4.0-116-generic (buildd@lgw01-amd64-021) (gcc version 5.4.0 20160609 (Ubuntu 5.4.0-6ubuntu1~16.04.9) ) #140-Ubuntu SMP Mon Feb 12 21:23:04 UTC 2018 (Ubuntu 4.4.0-116.140-generic 4.4.98)
[    0.000000] Command line: BOOT_IMAGE=/boot/vmlinuz-4.4.0-116-generic root=LABEL=cloudimg-rootfs ro console=tty1 console=ttyS0
[    0.000000] KERNEL supported cpus:
[    0.000000]   Intel GenuineIntel
[    0.000000]   AMD AuthenticAMD
[    0.000000]   Centaur CentaurHauls
[    0.000000] x86/fpu: xstate_offset[2]:  576, xstat_sze[2]:  256
[    0.000000] x86/fpu: Supporting XSAVE feature 0x01: 'x87 floating point registers'
[    0.000000] x86/fpu: Supporting XSAVE feature 0x02: 'SSE registers'
[    0.000000] x86/fpu: Supporting XSAVE feature 0x04: 'AVX registers'
[    0.000000] x86/fpu: Enabled xstate features 0x7, context size is 832 byts,sing standrd format.
[    0.000000] x86/fpu: Using 'lazy' FPU context switches.
[    0.000000] e820: BIOS-provided physical RAM map:
[    0.00000] IO-e820: [mem 0x0000000000000000-0x000000000009fbff] usable
[    0.000000] BIOS-e820: [mem 0x000000000009fc00-0x000000000009ffff] reserved
[    0.000000] BIOS-e820: [mem 0x00000000000f0000-0x00000000000fffff] reserved
[    0.000000] BIOS-e820: [mem 0x0000000000100000-0x000000003ffeffff] usable
[    0.000000] BIOS-e820: [mem 0x000000003fff0000-0x000000003fffffff] ACPI data
[    0.000000] BIOS-e820: [mem 0x00000000fec00000-0x00000000fec00fff] reserved
[    0.000000] BIOS-e820: [mem 0x00000000fee00000-0x00000000fee00fff] reserved
[    0.000000] BIOS-e820: [mem 0x00000000fffc0000-0x00000000ffffffff] reserved
[    0.000000] NX (Execute Disable) protection: active
[    0.000000] SMBIOS 2.5 present.
[    0.000000] Hypervisor detected: KVM
[    0.000000] e820: last_pfn = 0x3fff0 max_arch_pfn = 0x400000000
[    0.000000] MTRR: Disabled
[    0.000000] x86/PAT: MTRRs disabled, skipping PAT initialization too.
[    0.000000] CPU MTRRs all blank - virtualized system.
[    0.000000] x86/PAT: Configuration [0-7]: WB  WT  UC- UC  WB  WT  UC- UC  
[    0.000000] found SMP MP-table at [mem 0x0009fff0-0x0009ffff] mapped at [ffff88000009fff0]
[    0.000000] Scanning 1 areas for low memory corruption
[    0.000000] RAMDISK: [mem 0x36ac2000-0x37558fff]
[    0.000000] ACPI: Early table checksum verification disabled
[    0.000000] ACPI: RSDP 0x00000000000E0000 000024 (v02 VBOX  )
[    0.000000] ACPI: XSDT 0x000000003FFF0030 00003C (v01 VBOX   VBOXXSDT 00000001 ASL  00000061)
[    0.000000] ACPI: FACP 0x000000003FFF00F0 0000F4 (v04 VBOX   VBOXFACP 00000001 ASL  00000061)
[    0.000000] ACPI: DSDT 0x000000003FFF0470 0021FF (v02 VBOX   VBOXBIOS 00000002 INTL 20100528)
[    0.000000] ACPI: FACS 0x000000003FFF0200 000040
[    0.000000] ACPI: FACS 0x000000003FFF0200 000040
[    0.000000] ACPI: APIC 0x000000003FFF0240 00005C (v02 VBOX  VBOXAPIC 00000001 ASL  00000061)
[    0.000000] ACPI: SSDT 0x000000003FFF02A0 0001CC (v01 VBOX   VBOXCPUT 00000002 INTL 2010528)
[    0.000000] No NUMA configuration found
[    0.000000] Faking a node at [mem 0x0000000000000000-0x000000003ffeffff]
[    0.000000] NODE_DATA(0) allocated [mem 0x3ffeb000-0x3ffeffff]
[    0.000000] kvm-clock: Using msrs 4b564d01 and 4b64d00
[    0.000000] kvm-cock: cpu 0, msr 0:3ffe3001, primary cpu clock
[    0.000000] kvm-clock: using sched offset of 3562341228 cycles
[    0.000000] clocksource: kvm-clock: mask: 0xffffffffffffffff max_cycles: 0x1cd42e4dffb, max_idle_ns: 881590591483 ns
[    0.000000] Zone ranges:
   0000000]   DMA      [mem 0x0000000000001000-0x0000000000ffffff]
[    0.000000]   DMA32    [mem 0x0000000001000000-0x000000003ffeffff]
[    0.000000]   Normal   empty
[    0.000000]   Device   empty
[    0.000000] Movable zone start for each node
[    0.00000] Early memory node ranges
[    0.000000]   node   0: [mem 0x0000000000001000-0x000000000009efff]
[    0.000000]   node   0: [mem 0x00000000100000-0x000000003ffeffff]
[    0.000000] Initmem setup node 0 [mem 0x0000000000001000-0x000000003ffeffff]
[    0.000000] ACPI: PPM-imer IO Port: 0x4008
[    0.000000] IOAPIC[0]: apic_id 2, version 32, address 0xfec00000, GSI 0-23
[    0.000000] ACPI: INT_SRC_OVR (bus 0 bus_irq 0 global_irq 2 dfl dfl)
[    0.000000] ACPI: INT_SRC_OVR (bus 0 bus_irq 9 global_irq 9 low level)
[    0.000000] Using ACPI (MADT) for SMP configuration information
[    0.000000] smpboot: Allowing 2 CPUs, 0 hotplug CPUs
[    0.000000] PM: Registered nosave memory: [mem 0x00000000-0x00000fff]
[    0.000000] PM: Registered nosave memory: [mem 0x0009f000-0x0009ffff]
[    0.000000] PM: Registered nosave memory: [mem 0x000a0000-0x000effff]
[    0.000000] PM: Registered nosave memory: [mem 0x000f0000-0x000fffff]
[    0.000000] e820: [mem 0x40000000-0xfebfffff] available for PCI devices
[    0.000000] Booting paravirtualized kernel on KVM
[    0.000000] clocksource: reind-jifis:mask: 0xffffffff max_cycles: 0xffffffff, max_idle_ns: 7645519600211568 ns
[    0.000000] setup_percpu: NR_CPUS:512 nr_cpumask_bits:512 nr_cpu_ids:2 nr_node_ids:1
[    0.000000 PERCPU: Ebedded 34 pages/cpu @ffff88003fc00000 s99544 r8192 d31528 u1048576
[    0.000000] PV qspinlock hashtaleentres: 26 orde:  496 bes
    .000] Buil 1onelists inNoe rder miltygrpig on  otl ages 291
[   00000] Poli ze: D32
[  0.00000]Keelcommndine: BT_MAGE=/oovminuz4.0-16-genri rotLABEL=lodi-roos  conoltt1 console=ttyS0
[   0.000] P hh talenties:40 (rder 33268bys)
[  000000]emy: 1018K104820 ailabl (30 kernel code 19Krwdta392K rodaa,50K it,1316K bss, 4642Kreerved,0Kcma-reserved)
[    0.000000] SLUB: HWalign=64, Order=0-3, MnOects=0, CPUs=2, Nodes=1
[    0.000000] Kernel/User page tables isolation: enabled
[    0.000000] Hierarchical RCU implementation.
[    0.000000] Buldtime jutmet f ea fanuto 4.
  0.00000 	U estrctg PUs fom N_CUS=5 tnr_cu_s=.[  0.000000] RCU: Adjustig ometry fr rc_fou_lea64nr_cpuid2
[   00000] R_IRQS:33024 nr_irqs:440 16
[    0.000000] Console: colour VGA+ 80x25
[    0.000000] console [tty1] enabled
[    0.000000] console [ttyS0] enabled
[   0.000000 tsc: Detected 2396.536 MHz processor
[    3.997974] Calibrating delay loop (skipped) preset value.. 4793.07 BogoMIPS (lpj=9586144)
[    4.034121] pid_max: default: 32768 minimum: 301
[    4.049920] ACPI: Core revision 20150930
[    4.071400] ACPI: 2 ACPI AML tables successfully acquired and loaded
[    4.086344] Security Framework initialized
[    4.093803] Yama: becoming mindful.
[    4.119097] AppArmor: AppArmor initialized
[    4.198925] Dentry cache hash table entries: 131072 (order: 8, 1048576 bytes)
[    4.316139] Inode-cache hash table entries: 65536 (order: 7, 524288 bytes)
[    4.441225] Mount-cache hash table entries: 2048 (order: 2, 16384 bytes)
[    4.591563] Mountpoint-cache hash table entries: 2048 (order: 2, 16384 bytes)
[    4.695303] Initializing cgroup subsys io
[    4.713780] Initializing cgroup subsys memory
[    4.714713] Initializing cgroup subsys devices
[    4.715650] Initializing cgroup subsys freezer
[    4.716583] Initializing cgroup subsys net_cls
[    4.761768] Initializing cgroup subsys perf_event
[    4.762596] Initializing cgroup subsys net_prio
[    4.763388] Initializing cgroup subsys hugetlb
[    4.764158] Initializing cgroup subsys pids
[    4.764996] CPU: Physical Processor ID: 0
[    4.765722] CPU: Processor Core ID: 0
[    4.766410] FEATURE SPEC_CTRL Not Present
[    4.768213] mce: CPU supports 0 MCE banks
[    4.782567] Last level iTLB entries: 4KB 64, 2MB 8, 4MB 8
[    4.783452] Last level dTLB entries: 4KB 64, 2MB 0, 4MB 0, 1GB 4
[    4.811990] Spectre V2 mitigation: Mitigation: Full generic retpoline
[    4.861156] Spectre V2 mitigation: Speculation control IBPB not-supported IBRS not-supported
[    4.923154] Freeing SMP alternatives memory: 32K
[    4.985020] ftrace: allocating 32186 entries in 126 pages
[    5.140569] smpboot: APIC(0) Converting physical 0 to logical package 0
[    5.162522] smpboot: Max logical packages: 1
[    5.163545] x2apic enabled
[    5.219745] Switched APIC routing to physical x2apic.
[    5.298822] ..TIMER: vector=0x30 apic1=0 pin1=2 apic2=-1 pin2=-1
[    5.497631] smpboot: CPU0: Intel(R) Core(TM) i7-5500U CPU @ 2.40GHz (family: 0x6, model: 0x3d, stepping: 0x4)
[    5.654248] Performance Events: unsupported p6 CPU model 61 no PMU driver, software events only.
[    5.655901] KVM setup paravirtual spinlock
[    5.659127] x86: Booting SMP configuration:
[    5.659928] .... node  #0, CPUs:      #1
[    5.725527] kvm-clock: cpu 1, msr 0:3ffe3041, secondary cpu clock
[    5.728937] mce: CPU supports 0 MCE banks
[    5.731821] x86: Booted up 1 node, 2 CPUs
[    5.766955] smpboot: Total of 2 processors activated (9586.14 BogoMIPS)
[    5.858221] devtmpfs: initialized
[    5.877866] evm: security.selinux
[    5.922822] evm: security.SMACK64
[    5.949178] evm: security.SMACK64EXEC
[    6.018558] evm: security.SMACK64TRANSMUTE
[    6.096702] evm: security.SMACK64MMAP
[    6.118328] evm: security.ima
[    6.127319] evm: security.capability
[    6.140841] clocksource: jiffies: mask: 0xffffffff max_cycles: 0xffffffff, max_idle_ns: 7645041785100000 ns
[    6.154292] futex hash table entries: 512 (order: 3, 32768 bytes)
[    6.207578] pinctrl core: initialized pinctrl subsystem
[    6.248266] RTC time: 18:52:26, date: 03/05/18
[    6.249274] NET: Registered protocol family 16
[    6.291273] cpuidle: using governor ladder
[    6.359909] cpuidle: using governor menu
[    6.404215] PCCT header not found.
[    6.458907] ACPI: bus type PCI registered
[    6.538038] acpiphp: ACPI Hot Plug PCI Controller Driver version: 0.5
[    6.653407] PCI: Using configuration type 1 for base access
[    6.792359] ACPI: Added _OSI(Module Device)
[    6.841771] ACPI: Added _OSI(Processor Device)
[    6.859782] ACPI: Added _OSI(3.0 _SCP Extensions)
[    6.872507] ACPI: Added _OSI(Processor Aggregator Device)
[    6.885913] ACPI: Executed 1 blocks of module-level executable AML code
[    6.898856] ACPI: Interpreter enabled
[    6.903004] ACPI: (supports S0 S5)
[    6.903911] ACPI: Using IOAPIC for interrupt routing
[    6.930234] PCI: Using host bridge windows from ACPI; if necessary, use "pci=nocrs" and report a bug
[    6.959573] ACPI: PCI Root Bridge [PCI0] (domain 0000 [bus 00-ff])
[    6.967915] acpi PNP0A03:00: _OSC: OS supports [ASPM ClockPM Segments MSI]
[    6.975213] acpi PNP0A03:00: _OSC: not requesting OS control; OS requires [ExtendedConfig ASPM ClockPM MSI]
[    6.986621] acpi PNP0A03:00: fail to add MMCONFIG information, can't access extended PCI configuration space under this bridge.
[    6.998634] PCI host bridge to bus 0000:00
[    7.029609] pci_bus 0000:00: root bus resource [io  0x0000-0x0cf7 window]
[    7.041135] pci_bus 0000:00: root bus resource [io  0x0d00-0xffff window]
[    7.047149] pci_bus 0000:00: root bus resource [mem 0x000a0000-0x000bffff window]
[    7.058127] pci_bus 0000:00: root bus resource [mem 0x40000000-0xfdffffff window]
[    7.063746] pci_bus 0000:00: root bus resource [bus 00-ff]
[    7.089778] pci 0000:00:01.1: legacy IDE quirk: reg 0x10: [io  0x01f0-0x01f7]
[    7.117183] pci 0000:00:01.1: legacy IDE quirk: reg 0x14: [io  0x03f6]
[    7.125954] pci 0000:00:01.1: legacy IDE quirk: reg 0x18: [io  0x0170-0x0177]
[    7.145375] pci 0000:00:01.1: legacy IDE quirk: reg 0x1c: [io  0x0376]
[    7.177225] pci 0000:00:07.0: quirk: [io  0x4000-0x403f] claimed by PIIX4 ACPI
[    7.187743] pci 0000:00:07.0: quirk: [io  0x4100-0x410f] claimed by PIIX4 SMB
[    7.220454] ACPI: PCI Interrupt Link [LNKA] (IRQs 5 9 10 *11)
[    7.242646] ACPI: PCI Interrupt Link [LNKB] (IRQs 5 9 *10 11)
[    7.249811] ACPI: PCI Interrupt Link [LNKC] (IRQs 5 *9 10 11)
[    7.276038] ACPI: PCI Interrupt Link [LNKD] (IRQs 5 9 10 *11)
[    7.285856] ACPI: Enabled 2 GPEs in block 00 to 07
[    7.290529] vgaarb: setting as boot device: PCI:0000:00:02.0
[    7.308266] vgaarb: device added: PCI:0000:00:02.0,decodes=io+mem,owns=io+mem,locks=none
[    7.319253] vgaarb: loaded
[    7.331243] vgaarb: bridge control possible 0000:00:02.0
[    7.334607] SCSI subsystem initialized
[    7.335453] ACPI: bus type USB registered
[    7.349236] usbcore: registered new interface driver usbfs
[    7.410344] usbcore: registered new interface driver hub
[    7.414213] usbcore: registered new device driver usb
[    7.424098] PCI: Using ACPI for IRQ routing
[    7.438404] NetLabel: Initializing
[    7.440920] NetLabel:  domain hash size = 128
[    7.465250] NetLabel:  protocols = UNLABELED CIPSOv4
[    7.467816] NetLabel:  unlabeled traffic allowed by default
[    7.490785] amd_nb: Cannot enumerate AMD northbridges
[    7.507973] clocksource: Switched to clocksource kvm-clock
[    7.532133] AppArmor: AppArmor Filesystem Enabled
[    7.533666] pnp: PnP ACPI init
[    7.535673] pnp: PnP ACPI: found 3 devices
[    7.543268] clocksource: acpi_pm: mask: 0xffffff max_cycles: 0xffffff, max_idle_ns: 2085701024 ns
[    7.558905] NET: Registered protocol family 2
[    7.560297] TCP established hash table entries: 8192 (order: 4, 65536 bytes)
[    7.564416] TCP bind hash table entries: 8192 (order: 5, 131072 bytes)
[    7.567975] TCP: Hash tables configured (established 8192 bind 8192)
[    7.573233] UDP hash table entries: 512 (order: 2, 16384 bytes)
[    7.575159] UDP-Lite hash table entries: 512 (order: 2, 16384 bytes)
[    7.579845] NET: Registered protocol family 1
[    7.581026] pci 0000:00:00.0: Limiting direct PCI/PCI transfers
[    7.582667] pci 0000:00:01.0: Activating ISA DMA hang workarounds
[    7.584408] Unpacking initramfs...
[    9.631551] Freeing initrd memory: 10844K
[    9.712388] RAPL PMU detected, API unit is 2^-32 Joules, 4 fixed counters 10737418240 ms ovfl timer
[    9.721120] hw unit of domain pp0-core 2^-0 Joules
[    9.724950] hw unit of domain package 2^-0 Joules
[    9.726569] hw unit of domain dram 2^-0 Joules
[    9.731227] hw unit of domain pp1-gpu 2^-0 Joules
[    9.732126] platform rtc_cmos: registered platform RTC device (no PNP device found)
[    9.736908] Scanning for low memory corruption every 60 seconds
[    9.741079] audit: initializing netlink subsys (disabled)
[    9.743242] audit: type=2000 audit(1520275948.888:1): initialized
[    9.744493] Initialise system trusted keyring
[    9.745472] HugeTLB registered 2 MB page size, pre-allocated 0 pages
[    9.755971] zbud: loaded
[    9.758865] VFS: Disk quotas dquot_6.6.0
[    9.759626] VFS: Dquot-cache hash table entries: 512 (order 0, 4096 bytes)
[    9.762904] squashfs: version 4.0 (2009/01/31) Phillip Lougher
[    9.836991] fuse init (API version 7.23)
[    9.869132] Key type big_key registered
[    9.869863] Allocating IMA MOK and blacklist keyrings.
[    9.871930] Key type asymmetric registered
[    9.872721] Asymmetric key parser 'x509' registered
[    9.873589] Block layer SCSI generic (bsg) driver version 0.4 loaded (major 249)
[    9.874965] io scheduler noop registered
[    9.875686] io scheduler deadline registered (default)
[    9.876594] io scheduler cfq registered
[    9.877403] pci_hotplug: PCI Hot Plug PCI Core version: 0.5
[    9.878338] pciehp: PCI Express Hot Plug Controller Driver version: 0.4
[    9.879533] ACPI: AC Adapter [AC] (on-line)
[    9.881849] input: Power Button as /devices/LNXSYSTM:00/LNXPWRBN:00/input/input0
[    9.885139] ACPI: Power Button [PWRF]
[    9.885881] input: Sleep Button as /devices/LNXSYSTM:00/LNXSLPBN:00/input/input1
[    9.887229] ACPI: Sleep Button [SLPF]
[    9.888094] GHES: HEST is not enabled!
[    9.888709] ACPI: Battery Slot [BAT0] (battery present)
[    9.896506] Serial: 8250/16550 driver, 32 ports, IRQ sharing enabled
[    9.920592] 00:02: ttyS0 at I/O 0x3f8 (irq = 4, base_baud = 115200) is a 16550A
[    9.994314] Linux agpgart interface v0.103
[   10.012660] loop: module loaded
[   10.017296] scsi host0: ata_piix
[   10.018384] scsi host1: ata_piix
[   10.019402] ata1: PATA max UDMA/33 cmd 0x1f0 ctl 0x3f6 bmdma 0xd000 irq 14
[   10.030423] ata2: PATA max UDMA/33 cmd 0x170 ctl 0x376 bmdma 0xd008 irq 15
[   10.036334] libphy: Fixed MDIO Bus: probed
[   10.046698] tun: Universal TUN/TAP device driver, 1.6
[   10.049384] tun: (C) 1999-2004 Max Krasnyansky <maxk@qualcomm.com>
[   10.050671] PPP generic driver version 2.4.2
[   10.053036] ehci_hcd: USB 2.0 'Enhanced' Host Controller (EHCI) Driver
[   10.066411] ehci-pci: EHCI PCI platform driver
[   10.067407] ehci-platform: EHCI generic platform driver
[   10.068494] ohci_hcd: USB 1.1 'Open' Host Controller (OHCI) Driver
[   10.069709] ohci-pci: OHCI PCI platform driver
[   10.070680] ohci-platform: OHCI generic platform driver
[   10.073879] uhci_hcd: USB Universal Host Controller Interface driver
[   10.079141] i8042: PNP: PS/2 Controller [PNP0303:PS2K,PNP0f03:PS2M] at 0x60,0x64 irq 1,12
[   10.082812] serio: i8042 KBD port at 0x60,0x64 irq 1
[   10.098773] serio: i8042 AUX port at 0x60,0x64 irq 12
[   10.099959] mousedev: PS/2 mouse device common for all mice
[   10.153632] input: AT Translated Set 2 keyboard as /devices/platform/i8042/serio0/input/input2
[   10.317452] rtc_cmos rtc_cmos: rtc core: registered rtc_cmos as rtc0
[   10.340426] rtc_cmos rtc_cmos: alarms up to one day, 114 bytes nvram
[   1.39529] 2cdeenries driver
[   0.93872] device-mape: uevent: version 1.0.3

[   10.713471] device-mapper: ioctl: 4.34.0-ioctl (2015-10-28) initialised: dm-devel@redhat.com
[   10.718647] ledtrig-cpu: registered to indicate activity on CPUs
[   10.721680] NET: Registered protocol family 10
[   10.724504] NET: Registered protocol family 17
[   10.731086] tsc: Refined TSC clocksource calibration: 2397.593 MHz
[   10.732661] clocksource: tsc: mask: 0xffffffffffffffff max_cycles: 0x228f55a3068, max_idle_ns: 440795297773 ns
[   10.732896] Key type dns_resolver registered
[   10.756436] microcode: CPU0 sig=0x306d4, pf=0x40, revision=0x0
[   10.759157] microcode: CPU1 sig=0x306d4, pf=0x40, revision=0x0
[   10.759256] microcode: Microcode Update Driver: v2.01 <tigran@aivazian.fsnet.co.uk>, Peter Oruba
[   10.759445] registered taskstats version 1
[   10.759462] Loading compiled-in X.509 certificates
[   10.760382] Loaded X.509 cert 'Build time autogenerated kernel key: aa84f01984fbd529c105810b59e379d349698248'
[   10.760412] zswap: loaded using pool lzo/zbud
[   10.768290] Key type trusted registered
[   10.772459] Key type encrypted registered
[   10.772467] AppArmor: AppArmor sha1 policy hashing enabled
[   10.772470] ima: No TPM chip found, activating TPM-bypass!
[   10.772500] evm: HMAC attrs: 0x1
[   10.772850]   Magic number: 10:604:897
[   10.773069] rtc_cmos rtc_cmos: setting system clock to 2018-03-05 18:52:31 UTC (1520275951)
[   10.773174] BIOS EDD facility v0.16 2004-Jun-25, 0 devices found
[   10.773174] EDD information not available.
[   10.824747] Freeing unused kernel memory: 1508K
[   11.051069] Write protecting the kernel read-only data: 14336k
[   11.066197] Freeing unused kernel memory: 1700K
[   11.069389] Freeing unused kernel memory: 104K
Loading, please wait...
starting version[   11.096606] random: systemd-udevd: uninitialized urandom read (16 bytes read, 7 bits of entropy available)
 229
[   11.098168] random: udevadm: uninitialized urandom read (16 bytes read, 7 bits of entropy available)
[   11.098196] random: udevadm: uninitialized urandom read (16 bytes read, 7 bits of entropy available)
[   11.103099] random: systemd-udevd: uninitialized urandom read (16 bytes read, 7 bits of entropy available)
[   11.110576] random: udevadm: uninitialized urandom read (16 bytes read, 7 bits of entropy available)
[   11.110630] random: udevadm: uninitialized urandom read (16 bytes read, 7 bits of entropy available)
[   11.110799] random: udevadm: uninitialized urandom read (16 bytes read, 7 bits of entropy available)
[   11.111011] random: udevadm: uninitialized urandom read (16 bytes read, 7 bits of entropy available)
[   11.111090] random: udevadm: uninitialized urandom read (16 bytes read, 7 bits of entropy available)
[   11.111154] random: udevadm: uninitialized urandom read (16 bytes read, 7 bits of entropy available)
[   11.210671] e1000: Intel(R) PRO/1000 Network Driver - version 7.3.21-k8-NAPI
[   11.213920] e1000: Copyright (c) 1999-2006 Intel Corporation.
[   11.221997] Fusion MPT base driver 3.04.20
[   11.224306] Copyright (c) 1999-2008 LSI Corporation
[   11.248279] Fusion MPT SPI Host driver 3.04.20
[   11.277613] AVX2 version of gcm_enc/dec engaged.
[   11.289330] AES CTR mode by8 optimization enabled
[   11.443933] input: ImExPS/2 Generic Explorer Mouse as /devices/platform/i8042/serio1/input/input4
[   11.660905] e1000 0000:00:03.0 eth0: (PCI:33MHz:32-bit) 02:e1:a6:2d:7f:b0
[   11.663125] e1000 0000:00:03.0 eth0: Intel(R) PRO/1000 Network Connection
[   11.665540] mptbase: ioc0: Initiating bringup
[   11.877663] ioc0: LSI53C1030 A0: Capabilities={Initiator}
[   12.342356] scsi host2: ioc0: LSI53C1030 A0, FwRev=00000000h, Ports=1, MaxQ=256, IRQ=20
[   13.680115] scsi 2:0:0:0: Direct-Access     VBOX     HARDDISK         1.0  PQ: 0 ANSI: 5
[   14.423616] floppy0: no floppy controllers found
[   14.424387] scsi target2:0:0: Beginning Domain Validation
[   14.425128] scsi target2:0:0: Domain Validation skipping write tests
[   14.425129] scsi target2:0:0: Ending Domain Validation
[   14.425171] scsi target2:0:0: asynchronous
[   14.475176] scsi 2:0:1:0: Direct-Access     VBOX     HARDDISK         1.0  PQ: 0 ANSI: 5
[   14.524058] scsi target2:0:1: Beginning Domain Validation
[   14.538618] scsi target2:0:1: Domain Validation skipping write tests
[   14.541001] scsi target2:0:1: Ending Domain Validation
[   14.550257] scsi target2:0:1: asynchronous
[   14.572852] sd 2:0:0:0: Attached scsi generic sg0 type 0
[   14.575611] sd 2:0:1:0: [sdb] 20480 512-byte logical blocks: (10.5 MB/10.0 MiB)
[   14.575808] sd 2:0:1:0: Attached scsi generic sg1 type 0
[   14.580867] sd 2:0:0:0: [sda] 20971520 512-byte logical blocks: (10.7 GB/10.0 GiB)
[   14.689259] sd 2:0:0:0: [sda] Write Protect is off
[   14.691497] sd 2:0:0:0: [sda] Incomplete mode parameter data
[   14.694886] sd 2:0:0:0: [sda] Assuming drive cache: write through
[   14.696238] sd 2:0:1:0: [sdb] Write Protect is off
[   14.709529] sd 2:0:1:0: [sdb] Incomplete mode parameter data
[   14.728813] sd 2:0:1:0: [sdb] Assuming drive cache: write through
[   14.732023]  sda: sda1
[   14.737840] sd 2:0:0:0: [sda] Attached SCSI disk
[   14.740699] sd 2:0:1:0: [sdb] Attached SCSI disk
[   14.901780] e1000 0000:00:08.0 eth1: (PCI:33MHz:32-bit) 08:00:27:25:ad:69
[   14.997914] e1000 0000:00:08.0 eth1: Intel(R) PRO/1000 Network Connection
[   15.013543] e1000 0000:00:03.0 enp0s3: renamed from eth0
[   15.108224] e1000 0000:00:08.0 enp0s8: renamed from eth1
Begin: Loading e[   16.510296] md: linear personality registered for level -1
ssential drivers[   16.619519] md: multipath personality registered for level -4
 ... [   16.719437] md: raid0 personality registered for level 0
[   16.729634] md: raid1 personality registered for level 1
[   16.820004] raid6: sse2x1   gen()  8204 MB/s
[   16.912785] raid6: sse2x1   xor()  6669 MB/s
[   17.000684] raid6: sse2x2   gen() 10543 MB/s
[   17.092547] raid6: sse2x2   xor()  7339 MB/s
[   17.256157] raid6: sse2x4   gen() 11351 MB/s
[   17.411978] raid6: sse2x4   xor()  9102 MB/s
[   17.528154] raid6: avx2x1   gen() 17455 MB/s
[   17.660054] raid6: avx2x2   gen() 20248 MB/s
[   17.812391] raid6: avx2x4   gen() 21272 MB/s
[   17.840198] raid6: using algorithm avx2x4 gen() 21272 MB/s
[   17.955404] raid6: using avx2x2 recovery algorithm
[   18.001830] xor: automatically using best checksumming function:
[   18.068047]    avx       : 19023.000 MB/sec
[   18.145411] async_tx: api initialized (async)
[   18.188965] md: raid6 personality registered for level 6
[   18.204943] md: raid5 personality registered for level 5
[   18.209753] md: raid4 personality registered for level 4
[   18.232672] md: raid10 personality registered for level 10
done.
Begin: Running /scripts/init-premount ... done.
Begin: Mounting root file system ... Begin: Running /scripts/local-top ... done.
Begin: Running /scripts/local-premount ... [   18.295836] Btrfs loaded
Scanning for Btrfs filesystems
done.
Warning: fsck no[   18.347495] EXT4-fs (sda1): mounted filesystem with ordered data mode. Opts: (null)
t present, so skipping root file system
done.
Begin: Running /scripts/local-bottom ... done.
Begin: Running /scripts/init-bottom ... done.
[   18.471461] systemd[1]: systemd 229 running in system mode. (+PAM +AUDIT +SELINUX +IMA +APPARMOR +SMACK +SYSVINIT +UTMP +LIBCRYPTSETUP +GCRYPT +GNUTLS +ACL +XZ -LZ4 +SECCOMP +BLKID +ELFUTILS +KMOD -IDN)
[   18.495470] systemd[1]: Detected virtualization oracle.
[   18.497488] systemd[1]: Detected architecture x86-64.

Welcome to [1mUbuntu 16.04.4 LTS[0m!

[   18.531330] systemd[1]: Set hostname to <ubuntu>.
[   18.535871] systemd[1]: Initializing machine ID from random generator.
[   18.546778] systemd[1]: Installed transient /etc/machine-id file.
[   18.702679] systemd[1]: Created slice User and Session Slice.
[[0;32m  OK  [0m] Created slice User and Session Slice.
[   18.748512] systemd[1]: Listening on LVM2 metadata daemon socket.
[[0;32m  OK  [0m] Listening on LVM2 metadata daemon socket.
[   18.777903] systemd[1]: Reached target Encrypted Volumes.
[[0;32m  OK  [0m] Reached target Encrypted Volumes.
[   18.788858] systemd[1]: Listening on Journal Socket.
[[0;32m  OK  [0m] Listening on Journal Socket.
[   18.797537] systemd[1]: Reached target Swap.
[[0;32m  OK  [0m] Reached target Swap.
[   18.840824] systemd[1]: Created slice System Slice.
[[0;32m  OK  [0m] Created slice System Slice.
[   18.864997] systemd[1]: Mounting Huge Pages File System...
         Mounting Huge Pages File System...
[   18.996872] systemd[1]: Starting Remount Root and Kernel File Systems...
[   18.999438] EXT4-fs (sda1): re-mounted. Opts: (null)
         Starting Remount Root and Kernel File Systems...
[   19.148160] systemd[1]: Starting Set console keymap...
         Starting Set console keymap...
[   19.212660] systemd[1]: Listening on udev Control Socket.
[[0;32m  OK  [0m] Listening on udev Control Socket.
[   19.264186] systemd[1]: Starting Uncomplicated firewall...
[   19.264623] random: nonblocking pool is initialized
         Starting Uncomplicated firewall...
[   19.424778] systemd[1]: Starting Load Kernel Modules...
[   19.425] adngiSCSI transport classv20-0.

         Startin[   19.716778] iscsi: registered transport (tcp)
g Load Kernel Modules...
[   19.816897] iscsi: registered transport (iser)
[   20.768052] systemd[1]: Mounting POSIX Message Queue File System...
         Mounting POSIX Message Queue File System...
[   20.813612] systemd[1]: Started Trigger resolvconf update for networkd DNS.
[[0;32m  OK  [0m] Started Trigger resolvconf update for networkd DNS.
[   20.896302] systemd[1]: Listening on Device-mapper event daemon FIFOs.
[[0;32m  OK  [0m] Listening on Device-mapper event daemon FIFOs.
[   20.989124] systemd[1]: Listening on LVM2 poll daemon socket.
[[0;32m  OK  [0m] Listening on LVM2 poll daemon socket.
[   21.020475] systemd[1]: Listening on Journal Audit Socket.
[[0;32m  OK  [0m] Listening on Journal Audit Socket.
[   21.220982] systemd[1]: Listening on Journal Socket (/dev/log).
[[0;32m  OK  [0m] Listening on Journal Socket (/dev/log).
[   21.392207] systemd[1]: Started Forward Password Requests to Wall Directory Watch.
[[0;32m  OK  [0m] Started Forward Password Requests to Wall Directory Watch.
[   21.620384] systemd[1]: Listening on udev Kernel Socket.
[[0;32m  OK  [0m] Listening on udev Kernel Socket.
[   21.745156] systemd[1]: Starting Monitoring of LVM2 mirrors, snapshots etc. using dmeventd or progress polling...
         Starting Monitoring of LVM2 mirrors... dmeventd or progress polling...
[   21.866034] systemd[1]: Created slice system-serial\x2dgetty.slice.
[[0;32m  OK  [0m] Created slice system-serial\x2dgetty.slice.
[   22.024998] systemd[1]: Reached target Slices.
[[0;32m  OK  [0m] Reached target Slices.
[   22.060999] systemd[1]: Listening on /dev/initctl Compatibility Named Pipe.
[[0;32m  OK  [0m] Listening on /dev/initctl Compatibility Named Pipe.
[   22.217000] systemd[1]: Starting Nameserver information manager...
         Starting Nameserver information manager...
[   22.372878] systemd[1]: Mounting Debug File System...
         Mounting Debug File System...
[   22.460660] systemd[1]: Set up automount Arbitrary Executable File Formats File System Automount Point.
[[0;32m  OK  [0m] Set up automount Arbitrary Executab...ats File System Automount Point.
[   22.621859] systemd[1]: Reached target User and Group Name Lookups.
[[0;32m  OK  [0m] Reached target User and Group Name Lookups.
[   22.788451] systemd[1]: Listening on Syslog Socket.
[[0;32m  OK  [0m] Listening on Syslog Socket.
[   22.952192] systemd[1]: Starting Journal Service...
         Starting Journal Service...
[   23.016158] systemd[1]: Starting Create list of required static device nodes for the current kernel...
         Starting Create list of required st... nodes for the current kernel...
[   23.121324] systemd[1]: Mounted Huge Pages File System.
[[0;32m  OK  [0m] Mounted Huge Pages File System.
[   23.268654] systemd[1]: Mounted POSIX Message Queue File System.
[[0;32m  OK  [0m] Mounted POSIX Message Queue File System.
[   23.492255] systemd[1]: Mounted Debug File System.
[[0;32m  OK  [0m] Mounted Debug File System.
[   23.576697] systemd[1]: Started Journal Service.
[[0;32m  OK  [0m] Started Journal Service.
[[0;32m  OK  [0m] Started Remount Root and Kernel File Systems.
[[0;32m  OK  [0m] Started Set console keymap.
[[0;32m  OK  [0m] Started Uncomplicated firewall.
[[0;32m  OK  [0m] Started Load Kernel Modules.
[[0;32m  OK  [0m] Started Create list of required sta...ce nodes for the current kernel.
[[0;32m  OK  [0m] Started Nameserver information manager.
[[0;32m  OK  [0m] Started LVM2 metadata daemon.
         Starting Create Static Device Nodes in /dev...
         Starting Apply Kernel Variables...
         Mounting FUSE Control File System...
         Starting Initial cloud-init job (pre-networking)...
         Starting udev Coldplug all Devices...
         Starting Load/Save Random Seed...
         Starting Flush Journal to Persistent Storage...
[[0;32m  OK  [0m] Mounted FUSE Control File System.
[[0;32m  OK  [0m] Started Create Static Device Nodes in /dev.
[[0;32m  OK  [0m] Started Apply Kernel Variables.
[[0;32m  OK  [0m] Started Load/Save Random Seed.
[[0;32m  OK  [0m] Started udev Coldplug all Devices.
[[0;32m  OK  [0m] Started Flush Journal to Persistent Storage.
         Starting udev Kernel Device Manager...
[[0;32m  OK  [0m] Started udev Kernel Device Manager.
[[0;32m  OK  [0m] Started Monitoring of LVM2 mirrors,...ng dmeventd or progress polling.
[[0;32m  OK  [0m] Reached target Local File Systems (Pre).
[[0;32m  OK  [0m] Reached target Local File Systems.
         Starting LSB: AppArmor initialization...
         Starting Set console font and keymap...
         Starting Tell Plymouth To Write Out Runtime Data...
         Starting Create Volatile Files and Directories...
         Starting Commit a transient machine-id on disk...
[[0;32m  OK  [0m] Started Dispatch Password Requests to Console Directory Watch.
[[0;32m  OK  [0m] Started Tell Plymouth To Write Out Runtime Data.
[[0;32m  OK  [0m] Started Create Volatile Files and Directories.
[[0;32m  OK  [0m] Started Commit a transient machine-id on disk.
[[0;32m  OK  [0m] Found device /dev/ttyS0.
         Starting Update UTMP about System Boot/Shutdown...
[[0;32m  OK  [0m] Reached target System Time Synchronized.
[[0;32m  OK  [0m] Started Update UTMP about System Boot/Shutdown.
[[0;32m  OK  [0m] Listening on Load/Save RF Kill Switch Status /dev/rfkill Watch.
[   18.817930] cloud-init[452]: Cloud-init v. 17.1 running 'init-local' at Mon, 05 Mar 2018 18:52:45 +0000. Up 18.11 seconds.
[[0;32m  OK  [0m] Started Initial cloud-init job (pre-networking).
[[0;1;31mFAILED[0m] Failed to start Set console font and keymap.
See 'systemctl status console-setup.service' for details.
[[0;32m  OK  [0m] Started LSB: AppArmor initialization.
[[0;32m  OK  [0m] Created slice system-getty.slice.
[[0;32m  OK  [0m] Reached target Network (Pre).
         Starting Raise network interfaces...
[[0;32m  OK  [0m] Started Raise network interfaces.
         Starting Initial cloud-init job (metadata service crawler)...
[[0;32m  OK  [0m] Reached target Network.
[   22.280858] cloud-init[925]: Cloud-init v. 17.1 running 'init' at Mon, 05 Mar 2018 18:52:49 +0000. Up 21.56 seconds.
[[0;32m  OK  [0m] Started Initial cloud-init job (metadata service crawler).
[   22.395824] cloud-init[925]: ci-info: ++++++++++++++++++++++++++++++++++++++Net device info++++++++++++++++++++++++++++++++++++++
[   22.408736] cloud-init[925]: ci-info: +--------+-------+----------------------------+---------------+-------+-------------------+
[   22.424502] cloud-init[925]: ci-info: | Device |   Up  |          Address           |      Mask     | Scope |     Hw-Address    |
[   22.497777] cloud-init[925]: ci-info: +--------+-------+----------------------------+---------------+-------+-------------------+
[[0;32m  OK  [0m] Reached target System Initialization.
[   22.638944] cloud-init[925]: ci-info: | enp0s3 |  True |         10.0.2.15          | 255.255.255.0 |   .   | 02:e1:a6:2d:7f:b0 |
[   22.649788] cloud-init[925]: ci-info: | enp0s3 |  True | fe80::e1:a6ff:fe2d:7fb0/64 |       .       |  link | 02:e1:a6:2d:7f:b0 |
[   22.656299] cloud-init[925]: ci-info: | enp0s8 | False |             .              |       .       |   .   | 08:00:27:25:ad:69 |
         Starting LXD - unix socket.
         [   22.661150] cloud-init[925]: ci-info: |   lo   |  True |         127.0.0.1          |   255.0.0.0   |   .   |         .         |
[   22.698976] cloud-init[925]: ci-info: |   lo   |  True |          ::1/128           |       .       |  host |         .         |
[   22.699126] cloud-init[925]: ci-info: +--------+-------+----------------------------+---------------+-------+-------------------+
Starting Socket activation for snappy daemon.
[   22.699575] cloud-init[925]: ci-info: +++++++++++++++++++++++++++Route IPv4 info++++++++++++++++++++++++++++
[   22.763576] cloud-init[925]: ci-info: +-------+-------------+----------+---------------+-----------+-------+
[   22.763818] cloud-init[925]: ci-info: | Route | Destination | Gateway  |    Genmask    | Interface | Flags |
[[0;32m  OK  [0m] Started Daily Cleanup of Temporary Directories.
[   22.764045] cloud-init[925]: ci-info: +-------+-------------+----------+---------------+-----------+-------+
[   22.952793] cloud-init[925]: ci-info: |   0   |   0.0.0.0   | 10.0.2.2 |    0.0.0.0    |   enp0s3  |   UG  |
[   22.953160] cloud-init[925]: ci-info: |   1   |   10.0.2.0  | 0.0.0.0  | 255.255.255.0 |   enp0s3  |   U   |
[[0;32m  OK  [0m] Started ACPI Events Check.
[[   22.953338] cloud-init[925]: ci-info: +-------+-------------+----------+---------------+-----------+-------+
[0;32m  OK  [0m] Reached target Paths.
[[0;32m  OK  [0m] Listening on ACPID Listen Socket.
[   22.988993] cloud-init[925]: Generating public/private rsa key pair.
[   23.028913] cloud-init[925]: Your identification has been saved in /etc/ssh/ssh_host_rsa_key.
[[0;32m  OK  [0m] Listening on UUID daemon activation socket.
[   23.029065] cloud-init[925]: Your public key has been saved in /etc/ssh/ssh_host_rsa_key.pub.
[[0;32m  OK  [0m] Started Timer to automatically refresh installed snaps.
[[   23.064485] cloud-init[925]: The key fingerprint is:
[   23.089058] cloud-init[925]: SHA256:GbaFAEDDy5ih6yVxHQGROQhwcD5fa28F1MqpFFE0blA root@ubuntu-xenial
[   23.089817] cloud-init[925]: The key's randomart image is:
[0;32m  OK  [0m] Started Daily apt download activities.
[   23.089932] cloud-init[925]: +---[RSA 2048]----+
[[0;32m  OK  [0m] Started Daily apt upgrade and clean activities.
[   23.132685] cloud-init[925]: |*+B+*o==E.       |
[   23.142252] cloud-init[925]: |.=.= ..= o.      |
[[0;32m  OK  [0m] Reached target Timers.
[[   23.143635] cloud-init[925]: |.=o.o ooBo.      |
[   23.158052] cloud-init[925]: |+.o+ o.++*       |
[0;32m  OK  [0m] Listening on D-Bus System Message Bus Socket.
[[   23.158225] cloud-init[925]: | .o ..o.S .      |
[   23.233398] cloud-init[925]: |.. . ... .       |
[0;32m  OK  [0m] Reached target Cloud-config availability.
[[   23.233535] cloud-init[925]: |. o     o        |
[   23.247220] cloud-init[925]: | .     .         |
[0;32m  OK  [0m] Reached target Network is Online.
[   23.247321] cloud-init[925]: |                 |
[   23.340379] cloud-init[925]: +----[SHA256]-----+
[   23.376738] cloud-init[925]: Generating public/private dsa key pair.
[   23.377402] cloud-init[925]: Your identification has been saved in /etc/ssh/ssh_host_dsa_key.
         Starting iSCSI initiator daemon (iscsid)...
[   23.377645] cloud-init[925]: Your public key has been saved in /etc/ssh/ssh_host_dsa_key.pub.
[   23.428591] cloud-init[925]: The key fingerprint is:
[   23.428952] cloud-init[925]: SHA256:PeecN9WveI3+H7fPAK6t3ttkfGFdNlCYAOFSEPuH01g root@ubuntu-xenial
[   23.429209] cloud-init[925]: The key's randomart image is:
[   23.429462] cloud-init[925]: +---[DSA 1024]----+
[   23.430005] cloud-init[925]: |       oo+o...+. |
[   23.430067] cloud-init[925]: |        +    o.  |
[   23.430122] cloud-init[925]: |       o . E   .o|
[   23.430450] cloud-init[925]: |        o.=    .=|
[   23.430510] cloud-init[925]: |        S=ooo  o+|
[   23.431617] cloud-init[925]: |          o* +..o|
[[0;32m  OK  [0m] Listening on LXD - unix socket.
[   23.431898] cloud-init[925]: |            = B++|
[   23.482968] cloud-init[925]: |           + *o*=|
[   23.483282] cloud-init[925]: |         .+.=++oB|
[[0;32m  OK  [0m] Listening on Socket activation for snappy daemon.
[   23.483419] cloud-init[925]: +----[SHA256]-----+
[   23.603123] cloud-init[925]: Generating public/private ecdsa key pair.
[   23.603444] cloud-init[925]: Your identification has been saved in /etc/ssh/ssh_host_ecdsa_key.
[[0;32m  OK  [0m] Started iSCSI initiator daemon (iscsid).
[   23.603599] cloud-init[925]: Your public key has been saved in /etc/ssh/ssh_host_ecdsa_key.pub.
[   23.669441] cloud-init[925]: The key fingerprint is:
         [   23.669817] Starting Login to default iSCSI targets...cloud-init
[925]: SHA256:0Fq0ZGg2RN7GKNCT/UiIQcxf/RNVu9E1YQV7vcp/etg root@ubuntu-xenial
[   23.693651] cloud-init[925]: The key's randomart image is:
[   23.700897] cloud-init[925]: +---[ECDSA 256]---+
[   23.702598] cloud-init[925]: | +++ *oo+  ...o==|
[   23.702877] cloud-init[925]: |  +.=.OO...   .++|
[[0;32m  OK  [0m] Reached target Sockets.
[   23.703584] cloud-init[925]: |   ..*++B. .  + +|
[   23.762416] cloud-init[925]: |    ...=. o    +.|
[[0;32m  OK  [0m] Reached target Basic System.
[   23.762569] cloud-init[925]: |      . S  .  .. |
[   23.803522] cloud-init[925]: |            . .  |
[   23.824750] cloud-init[925]: |             o o |
[   23.825058] cloud-init[925]: |              o E|
         Starting LSB: MD monitoring daemon...
[   23.825219] cloud-init[925]: |              .+.|
[   23.834757] cloud-init[925]: +----[SHA256]-----+         Starting Apply the settings specified in cloud-config...

[[0;32m  OK  [0m] Started ACPI event daemon.
[[0;32m  OK  [0m] Started Unattended Upgrades Shutdown.
[   23.845448] cloud-init[925]: Generating public/private ed25519 key pair.
[   23.845835] cloud-init[925]: Your identification has been saved in /etc/ssh/ssh_host_ed25519_key.
         Starting Pollinate to seed the pseudo random number generator...
[   23.846029] cloud-init[925]: Your public key has been saved in /etc/ssh/ssh_host_ed25519_key.pub.
[   23.854275] cloud-init[925]: The key fingerprint is:
[   23.856833] cloud-init[925]: SHA256:RTMSpcJefxKkrSRiTowuEoH3O6UtBFbKLUg4YMwQBFM root@ubuntu-xenial
[   23.857277] cloud-init[925]: The key's randomart image is:
[[0;32m  OK  [0m] Started Regular background program processing daemon.
[   23.857439] cloud-init[925]: +--[ED25519 256]--+
[   24.008566] cloud-init[925]: |^*E..   oo*      |
[   24.008902] cloud-init[925]: |*B+= .   B o     |
[[0;32m  OK  [0m] Started D-Bus System Message Bus.
[   24.009113] cloud-init[925]: |o+=o* + = +      |
[   24.056611] cloud-init[925]: | o =oo.= + .     |
[   24.086502] cloud-init[925]: |o ...=. S o .    |
[   24.086876] cloud-init[925]: |..  = .    o     |
         Starting /etc/rc.local Compatibility...
[   24.087057] cloud-init[925]: |     o           |
[   24.107042] cloud-init[925]: |                 |
         Starting Accounts Service...
[   24.107681] cloud-init[925]: |                 |
[   24.180497] cloud-init[925]: +----[SHA256]-----+
         Starting Snappy daemon...
         Starting LXD - container startup/shutdown...
[[0;32m  OK  [0m] Started FUSE filesystem for LXC.
[[0;32m  OK  [0m] Started Deferred execution scheduler.
         Starting System Logging Service...
         Starting Login Service...
         Starting LSB: Record successful boot for GRUB...
[[0;32m  OK  [0m] Started System Logging Service.
[[0;32m  OK  [0m] Started /etc/rc.local Compatibility.
[[0;32m  OK  [0m] Started Pollinate to seed the pseudo random number generator.
[[0;32m  OK  [0m] Started LXD - container startup/shutdown.
[[0;32m  OK  [0m] Started Snappy daemon.
[[0;32m  OK  [0m] Started LSB: MD monitoring daemon.
[[0;32m  OK  [0m] Started Login to default iSCSI targets.
[   24.474419] cloud-init[1031]: Generating locales (this might take a while)...
[[0;32m  OK  [0m] Started LSB: Record successful boot for GRUB.
         Starting Authenticate and Authorize Users to Run Privileged Tasks...
[[0;32m  OK  [0m] Reached target Remote File Systems (Pre).
[[0;32m  OK  [0m] Reached target Remote File Systems.
         Starting LSB: automatic crash report generation...
         Starting LSB: daemon to balance interrupts for SMP systems...
         Starting LSB: VirtualBox Linux Additions...
         Starting LSB: Set the CPU Frequency Scaling governor to "ondemand"...
         Starting Permit User Sessions...
         Starting OpenBSD Secure Shell server...
[[0;32m  OK  [0m] Started Permit User Sessions.
[[0;32m  OK  [0m] Started OpenBSD Secure Shell server.
[[0;32m  OK  [0m] Started Login Service.
[[0;32m  OK  [0m] Started Authenticate and Authorize Users to Run Privileged Tasks.
[[0;32m  OK  [0m] Started Accounts Service.
[[0;32m  OK  [0m] Started LSB: Set the CPU Frequency Scaling governor to "ondemand".
[[0;32m  OK  [0m] Started LSB: automatic crash report generation.
[[0;32m  OK  [0m] Started LSB: daemon to balance interrupts for SMP systems.
[[0;32m  OK  [0m] Started LSB: VirtualBox Linux Additions.
         Starting Hold until boot process finishes up...
         Starting Terminate Plymouth Boot Screen...
[[0;32m  OK  [0m] Started Hold until boot process finishes up.
[[0;32m  OK  [0m] Started Terminate Plymouth Boot Screen.
[[0;32m  OK  [0m] Started Serial Getty on ttyS0.
[[0;32m  OK  [0m] Started Getty on tty1.
[[0;32m  OK  [0m] Reached target Login Prompts.
[[0;32m  OK  [0m] Reached target Multi-User System.
[[0;32m  OK  [0m] Reached target Graphical Interface.
[   25.469682] cloud-init[1031]:   en_US.UTF-8... done
         Starting Update UTMP about System Runlevel Changes...
[   25.621476] cloud-init[1031]: Generation complete.
         Starting Set console scheme...
[[0;32m  OK  [0m] Started Set console scheme.
[   25.765492] cloud-init[1031]: Cloud-init v. 17.1 running 'modules:config' at Mon, 05 Mar 2018 18:52:51 +0000. Up 24.31 seconds.
[[0;32m  OK  [0m] Started Update UTMP about System Runlevel Changes.
[[0;32m  OK  [0m] Started Apply the settings specified in cloud-config.
         Starting Execute cloud user/final scripts...
ci-info: no authorized ssh keys fingerprints found for user ubuntu.
<14>Mar  5 18:52:53 ec2: 
<14>Mar  5 18:52:53 ec2: #############################################################
<14>Mar  5 18:52:53 ec2: -----BEGIN SSH HOST KEY FINGERPRINTS-----
<14>Mar  5 18:52:53 ec2: 1024 SHA256:PeecN9WveI3+H7fPAK6t3ttkfGFdNlCYAOFSEPuH01g root@ubuntu-xenial (DSA)
<14>Mar  5 18:52:53 ec2: 256 SHA256:0Fq0ZGg2RN7GKNCT/UiIQcxf/RNVu9E1YQV7vcp/etg root@ubuntu-xenial (ECDSA)
<14>Mar  5 18:52:53 ec2: 256 SHA256:RTMSpcJefxKkrSRiTowuEoH3O6UtBFbKLUg4YMwQBFM root@ubuntu-xenial (ED25519)
<14>Mar  5 18:52:53 ec2: 2048 SHA256:GbaFAEDDy5ih6yVxHQGROQhwcD5fa28F1MqpFFE0blA root@ubuntu-xenial (RSA)
<14>Mar  5 18:52:53 ec2: -----END SSH HOST KEY FINGERPRINTS-----
<14>Mar  5 18:52:53 ec2: #############################################################
-----BEGIN SSH HOST KEY KEYS-----
ecdsa-sha2-nistp256 AAAAE2VjZHNhLXNoYTItbmlzdHAyNTYAAAAIbmlzdHAyNTYAAABBBPi51ciIU7iNwZ4sAyfurLkEdgrT+U7LTNrz8aNF2YlEtjE7LuhAWvyHhBBzr0iA1eB5arFEjvG9MnPzMyX/Q3c= root@ubuntu-xenial
ssh-ed25519 AAAAC3NzaC1lZDI1NTE5AAAAIAoBF/+fy6Vfwlc8BWga7WbTLvvaP1GbZr0nFKQdoF4e root@ubuntu-xenial
ssh-rsa AAAAB3NzaC1yc2EAAAADAQABAAABAQC1i2h4byO9CYGx2yHzTu16i5e6O52WAl0CB0hfava4/qCVrVRjWmT/zPpIIybok9lqvZTeaTifkz9DY5WveNCg8poye/d3NpfZRwBenHekDGZtxRsZapECDitiPxsIb8kKB1DhiNjIFUaoUmaM789iiONu3IbL6A/6TqHnR2b5YhRqzsoRFEpgGaQGfoiBMUMBZnd4rriEcKv+Q3oXezxNYD9DIKn9Lg5d+05V1LWHsuXPEhfYIEMXCBeFrA4wtEbnCfc3Nt9lvPOEBn0yJrrTpuE9I3FWDWlikxcQybLx34ALdD5RRbscoZt3TzOxSJIYzClZbie0FWEeRikGAnLD root@ubuntu-xenial
-----END SSH HOST KEY KEYS-----
[   27.751826] cloud-init[1280]: Cloud-init v. 17.1 running 'modules:final' at Mon, 05 Mar 2018 18:52:53 +0000. Up 26.16 seconds.
[   27.797461] cloud-init[1280]: ci-info: no authorized ssh keys fingerprints found for user ubuntu.
[[0;32m  OK  [0m] Started Execute cloud user/final scripts.
[   27.859575] cloud-init[1280]: Cloud-init v. 17.1 finished at Mon, 05 Mar 2018 18:52:55 +0000. Datasource DataSourceNoCloud [seed=/dev/sdb][dsmode=net].  Up 27.74 seconds
[[0;32m  OK  [0m] Reached target Cloud-init target.

Ubuntu 16.04.4 LTS ubuntu-xenial ttyS0

ubuntu-xenial login: 